<?xml version="1.0" encoding="UTF-8"?>
<!-- Generated by org.testng.reporters.JUnitReportReporter -->
<testsuite hostname="DELL" failures="0" tests="6" name="com.facebook.login.LoginTest" time="152.147" errors="0" timestamp="2022-07-31T21:36:31 IST" skipped="0">
  <testcase classname="com.facebook.login.LoginTest" name="validLoginAndLogOut" time="29.040"/>
  <system-out/>
  <testcase classname="com.facebook.login.LoginTest" name="inValidLogin" time="17.762"/>
  <system-out/>
  <testcase classname="com.facebook.login.LoginTest" name="inValidLogin" time="30.736"/>
  <system-out/>
  <testcase classname="com.facebook.login.LoginTest" name="inValidLogin" time="29.782"/>
  <system-out/>
  <testcase classname="com.facebook.login.LoginTest" name="inValidLogin" time="15.023"/>
  <system-out/>
  <testcase classname="com.facebook.login.LoginTest" name="validLoginAndLogOut" time="29.804"/>
  <system-out/>
</testsuite> <!-- com.facebook.login.LoginTest -->
