<?xml version="1.0" encoding="UTF-8"?>
<!-- Generated by org.testng.reporters.JUnitReportReporter -->
<testsuite hostname="DELL" failures="0" tests="6" name="com.facebook.login.LoginTest" time="132.784" errors="0" timestamp="2022-08-03T11:07:43 IST" skipped="0">
  <testcase classname="com.facebook.login.LoginTest" name="inValidLogin" time="21.635"/>
  <system-out/>
  <testcase classname="com.facebook.login.LoginTest" name="inValidLogin" time="11.777"/>
  <system-out/>
  <testcase classname="com.facebook.login.LoginTest" name="validLoginAndLogOut" time="44.364"/>
  <system-out/>
  <testcase classname="com.facebook.login.LoginTest" name="inValidLogin" time="14.347"/>
  <system-out/>
  <testcase classname="com.facebook.login.LoginTest" name="validLoginAndLogOut" time="27.551"/>
  <system-out/>
  <testcase classname="com.facebook.login.LoginTest" name="inValidLogin" time="13.110"/>
  <system-out/>
</testsuite> <!-- com.facebook.login.LoginTest -->
